<?xml version="1.0" encoding="UTF-8"?>
<testng-results ignored="0" total="10" passed="10" failed="0" skipped="0">
  <reporter-output>
  </reporter-output>
  <suite started-at="2025-02-19T15:54:08 IST" name="Default suite" finished-at="2025-02-19T16:04:49 IST" duration-ms="640206">
    <groups>
      <group name="cucumber">
        <method signature="AbstractTestNGCucumberTests.runScenario(io.cucumber.testng.PickleWrapper,io.cucumber.testng.FeatureWrapper)[pri:0, instance:Runner.DNSrunner@5ab9e72c]" name="runScenario" class="io.cucumber.testng.AbstractTestNGCucumberTests"/>
      </group> <!-- cucumber -->
    </groups>
    <test started-at="2025-02-19T15:54:08 IST" name="Default test" finished-at="2025-02-19T16:04:49 IST" duration-ms="640206">
      <class name="Runner.DNSrunner">
        <test-method is-config="true" signature="setUpClass(org.testng.ITestContext)[pri:0, instance:Runner.DNSrunner@5ab9e72c]" started-at="2025-02-19T15:54:08 IST" name="setUpClass" finished-at="2025-02-19T15:54:10 IST" duration-ms="2097" status="PASS">
          <params>
            <param index="0">
              <value>
                <![CDATA[org.testng.TestRunner@7b81283]]>
              </value>
            </param>
          </params>
          <reporter-output>
          </reporter-output>
        </test-method> <!-- setUpClass -->
        <test-method signature="runScenario(io.cucumber.testng.PickleWrapper,io.cucumber.testng.FeatureWrapper)[pri:0, instance:Runner.DNSrunner@5ab9e72c]" started-at="2025-02-19T15:54:10 IST" name="runScenario" description="Runs Cucumber Scenarios" data-provider="scenarios" finished-at="2025-02-19T15:54:35 IST" duration-ms="24037" status="PASS">
          <params>
            <param index="0">
              <value>
                <![CDATA["Registrar with valid credentials"]]>
              </value>
            </param>
            <param index="1">
              <value>
                <![CDATA["Login Registrar"]]>
              </value>
            </param>
          </params>
          <reporter-output>
          </reporter-output>
        </test-method> <!-- runScenario -->
        <test-method signature="runScenario(io.cucumber.testng.PickleWrapper,io.cucumber.testng.FeatureWrapper)[pri:0, instance:Runner.DNSrunner@5ab9e72c]" started-at="2025-02-19T15:54:35 IST" name="runScenario" description="Runs Cucumber Scenarios" data-provider="scenarios" finished-at="2025-02-19T15:55:40 IST" duration-ms="65379" status="PASS">
          <params>
            <param index="0">
              <value>
                <![CDATA["Registrar validatetext and Functionalities in Home Page"]]>
              </value>
            </param>
            <param index="1">
              <value>
                <![CDATA["Registrar Dashboardpage"]]>
              </value>
            </param>
          </params>
          <reporter-output>
          </reporter-output>
        </test-method> <!-- runScenario -->
        <test-method signature="runScenario(io.cucumber.testng.PickleWrapper,io.cucumber.testng.FeatureWrapper)[pri:0, instance:Runner.DNSrunner@5ab9e72c]" started-at="2025-02-19T15:55:40 IST" name="runScenario" description="Runs Cucumber Scenarios" data-provider="scenarios" finished-at="2025-02-19T15:59:39 IST" duration-ms="239254" status="PASS">
          <params>
            <param index="0">
              <value>
                <![CDATA["Registrar validatetext and Functionalities in Application  Page"]]>
              </value>
            </param>
            <param index="1">
              <value>
                <![CDATA["Registrar Application Page"]]>
              </value>
            </param>
          </params>
          <reporter-output>
          </reporter-output>
        </test-method> <!-- runScenario -->
        <test-method signature="runScenario(io.cucumber.testng.PickleWrapper,io.cucumber.testng.FeatureWrapper)[pri:0, instance:Runner.DNSrunner@5ab9e72c]" started-at="2025-02-19T15:59:39 IST" name="runScenario" description="Runs Cucumber Scenarios" data-provider="scenarios" finished-at="2025-02-19T16:00:04 IST" duration-ms="24583" status="PASS">
          <params>
            <param index="0">
              <value>
                <![CDATA["Registrar validatetext and Functionalities in Domain Page"]]>
              </value>
            </param>
            <param index="1">
              <value>
                <![CDATA["Registrar Domain Page"]]>
              </value>
            </param>
          </params>
          <reporter-output>
          </reporter-output>
        </test-method> <!-- runScenario -->
        <test-method signature="runScenario(io.cucumber.testng.PickleWrapper,io.cucumber.testng.FeatureWrapper)[pri:0, instance:Runner.DNSrunner@5ab9e72c]" started-at="2025-02-19T16:00:04 IST" name="runScenario" description="Runs Cucumber Scenarios" data-provider="scenarios" finished-at="2025-02-19T16:00:17 IST" duration-ms="12928" status="PASS">
          <params>
            <param index="0">
              <value>
                <![CDATA["Registrar validatetext and Functionalities in Invoice  Page"]]>
              </value>
            </param>
            <param index="1">
              <value>
                <![CDATA["Registrar Invoice Page"]]>
              </value>
            </param>
          </params>
          <reporter-output>
          </reporter-output>
        </test-method> <!-- runScenario -->
        <test-method signature="runScenario(io.cucumber.testng.PickleWrapper,io.cucumber.testng.FeatureWrapper)[pri:0, instance:Runner.DNSrunner@5ab9e72c]" started-at="2025-02-19T16:00:17 IST" name="runScenario" description="Runs Cucumber Scenarios" data-provider="scenarios" finished-at="2025-02-19T16:00:35 IST" duration-ms="17922" status="PASS">
          <params>
            <param index="0">
              <value>
                <![CDATA["Registrar validatetext and Functionalities in Settings  Page"]]>
              </value>
            </param>
            <param index="1">
              <value>
                <![CDATA["Login Registrar DR User Management Page"]]>
              </value>
            </param>
          </params>
          <reporter-output>
          </reporter-output>
        </test-method> <!-- runScenario -->
        <test-method signature="runScenario(io.cucumber.testng.PickleWrapper,io.cucumber.testng.FeatureWrapper)[pri:0, instance:Runner.DNSrunner@5ab9e72c]" started-at="2025-02-19T16:00:35 IST" name="runScenario" description="Runs Cucumber Scenarios" data-provider="scenarios" finished-at="2025-02-19T16:00:49 IST" duration-ms="14577" status="PASS">
          <params>
            <param index="0">
              <value>
                <![CDATA["Registrar validatetext and Functionalities in Settings  Page"]]>
              </value>
            </param>
            <param index="1">
              <value>
                <![CDATA["Login Registrar Registrant User Management Page"]]>
              </value>
            </param>
          </params>
          <reporter-output>
          </reporter-output>
        </test-method> <!-- runScenario -->
        <test-method signature="runScenario(io.cucumber.testng.PickleWrapper,io.cucumber.testng.FeatureWrapper)[pri:0, instance:Runner.DNSrunner@5ab9e72c]" started-at="2025-02-19T16:00:49 IST" name="runScenario" description="Runs Cucumber Scenarios" data-provider="scenarios" finished-at="2025-02-19T16:02:31 IST" duration-ms="101567" status="PASS">
          <params>
            <param index="0">
              <value>
                <![CDATA["Registrar validatetext and Functionalities in Settings  Page"]]>
              </value>
            </param>
            <param index="1">
              <value>
                <![CDATA["Login Registrar then check Registrant Officers Details"]]>
              </value>
            </param>
          </params>
          <reporter-output>
          </reporter-output>
        </test-method> <!-- runScenario -->
        <test-method signature="runScenario(io.cucumber.testng.PickleWrapper,io.cucumber.testng.FeatureWrapper)[pri:0, instance:Runner.DNSrunner@5ab9e72c]" started-at="2025-02-19T16:02:31 IST" name="runScenario" description="Runs Cucumber Scenarios" data-provider="scenarios" finished-at="2025-02-19T16:03:38 IST" duration-ms="67318" status="PASS">
          <params>
            <param index="0">
              <value>
                <![CDATA["Registrar validatetext and Functionalities in Settings  Page"]]>
              </value>
            </param>
            <param index="1">
              <value>
                <![CDATA["Registrar  Roles"]]>
              </value>
            </param>
          </params>
          <reporter-output>
          </reporter-output>
        </test-method> <!-- runScenario -->
        <test-method signature="runScenario(io.cucumber.testng.PickleWrapper,io.cucumber.testng.FeatureWrapper)[pri:0, instance:Runner.DNSrunner@5ab9e72c]" started-at="2025-02-19T16:03:38 IST" name="runScenario" description="Runs Cucumber Scenarios" data-provider="scenarios" finished-at="2025-02-19T16:04:46 IST" duration-ms="67692" status="PASS">
          <params>
            <param index="0">
              <value>
                <![CDATA["Registrar validatetext and Functionalities in Settings  Page"]]>
              </value>
            </param>
            <param index="1">
              <value>
                <![CDATA["Registrar settings   Department"]]>
              </value>
            </param>
          </params>
          <reporter-output>
          </reporter-output>
        </test-method> <!-- runScenario -->
        <test-method is-config="true" signature="tearDownClass()[pri:0, instance:Runner.DNSrunner@5ab9e72c]" started-at="2025-02-19T16:04:46 IST" name="tearDownClass" finished-at="2025-02-19T16:04:49 IST" duration-ms="2799" status="PASS">
          <reporter-output>
          </reporter-output>
        </test-method> <!-- tearDownClass -->
      </class> <!-- Runner.DNSrunner -->
    </test> <!-- Default test -->
  </suite> <!-- Default suite -->
</testng-results>
