<?xml version="1.0" encoding="UTF-8"?>
<!-- Generated by org.testng.reporters.JUnitReportReporter -->
<testsuite hostname="IKCON1075" failures="0" tests="11" name="Runner.DNSrunner" time="965.625" errors="0" timestamp="2025-02-28T19:16:33 IST" skipped="0">
  <testcase classname="Runner.DNSrunner" name="runScenario" time="12.812"/>
  <testcase classname="Runner.DNSrunner" name="runScenario" time="72.219"/>
  <testcase classname="Runner.DNSrunner" name="runScenario" time="17.665"/>
  <testcase classname="Runner.DNSrunner" name="runScenario" time="13.908"/>
  <testcase classname="Runner.DNSrunner" name="runScenario" time="6.983"/>
  <testcase classname="Runner.DNSrunner" name="runScenario" time="126.087"/>
  <testcase classname="Runner.DNSrunner" name="runScenario" time="67.172"/>
  <testcase classname="Runner.DNSrunner" name="runScenario" time="23.556"/>
  <testcase classname="Runner.DNSrunner" name="runScenario" time="462.084"/>
  <testcase classname="Runner.DNSrunner" name="runScenario" time="67.294"/>
  <testcase classname="Runner.DNSrunner" name="runScenario" time="95.845"/>
</testsuite> <!-- Runner.DNSrunner -->
